d:\projects\cocosprojects\plzporting\proj.win32\debug.win32\helloworldscene.obj
d:\projects\cocosprojects\plzporting\proj.win32\debug.win32\appdelegate.obj
d:\projects\cocosprojects\plzporting\proj.win32\debug.win32\main.obj
d:\projects\cocosprojects\plzporting\proj.win32\debug.win32\gamescene.obj
d:\projects\cocosprojects\plzporting\proj.win32\debug.win32\vc140.pdb
d:\projects\cocosprojects\plzporting\proj.win32\debug.win32\plzporting.ilk
d:\projects\cocosprojects\plzporting\proj.win32\debug.win32\plzporting.exe
d:\projects\cocosprojects\plzporting\proj.win32\debug.win32\plzporting.pdb
d:\projects\cocosprojects\plzporting\proj.win32\debug.win32\plzporting.lib
d:\projects\cocosprojects\plzporting\proj.win32\debug.win32\plzporting.exp
d:\projects\cocosprojects\plzporting\proj.win32\plzporting.cab
d:\projects\cocosprojects\plzporting\proj.win32\debug.win32\game.res
d:\projects\cocosprojects\plzporting\proj.win32\debug.win32\vc140.idb
d:\projects\cocosprojects\plzporting\proj.win32\debug.win32\plzporting.tlog\cl.command.1.tlog
d:\projects\cocosprojects\plzporting\proj.win32\debug.win32\plzporting.tlog\cl.read.1.tlog
d:\projects\cocosprojects\plzporting\proj.win32\debug.win32\plzporting.tlog\cl.write.1.tlog
d:\projects\cocosprojects\plzporting\proj.win32\debug.win32\plzporting.tlog\link.command.1.tlog
d:\projects\cocosprojects\plzporting\proj.win32\debug.win32\plzporting.tlog\link.read.1.tlog
d:\projects\cocosprojects\plzporting\proj.win32\debug.win32\plzporting.tlog\link.write.1.tlog
d:\projects\cocosprojects\plzporting\proj.win32\debug.win32\plzporting.tlog\plzporting.write.1u.tlog
d:\projects\cocosprojects\plzporting\proj.win32\debug.win32\plzporting.tlog\rc.command.1.tlog
d:\projects\cocosprojects\plzporting\proj.win32\debug.win32\plzporting.tlog\rc.read.1.tlog
d:\projects\cocosprojects\plzporting\proj.win32\debug.win32\plzporting.tlog\rc.write.1.tlog
